# JRE version: OpenJDK Runtime Environment (7.0_79-b14) (build 1.7.0_79-b14)
# Java VM: OpenJDK Server VM (24.79-b02 mixed mode linux-x86 )
Heap
 PSYoungGen      total 34304K, used 2560K [0x9dd40000, 0xa0140000, 0xb32c0000)
  eden space 31744K, 0% used [0x9dd40000,0x9dd40000,0x9fc40000)
  from space 2560K, 100% used [0x9fc40000,0x9fec0000,0x9fec0000)
  to   space 2560K, 0% used [0x9fec0000,0x9fec0000,0xa0140000)
 ParOldGen       total 41728K, used 8538K [0x732c0000, 0x75b80000, 0x9dd40000)
  object space 41728K, 20% used [0x732c0000,0x73b16bb8,0x75b80000)
 PSPermGen       total 16384K, used 3960K [0x6b2c0000, 0x6c2c0000, 0x732c0000)
  object space 16384K, 24% used [0x6b2c0000,0x6b69e358,0x6c2c0000)
GC Heap History (5 events):
Event: 2,205 GC heap before
{Heap before GC invocations=1 (full 0):
 PSYoungGen      total 18432K, used 15872K [0x9dd40000, 0x9f1c0000, 0xb32c0000)
  eden space 15872K, 100% used [0x9dd40000,0x9ecc0000,0x9ecc0000)
  from space 2560K, 0% used [0x9ef40000,0x9ef40000,0x9f1c0000)
  to   space 2560K, 0% used [0x9ecc0000,0x9ecc0000,0x9ef40000)
 ParOldGen       total 41728K, used 0K [0x732c0000, 0x75b80000, 0x9dd40000)
  object space 41728K, 0% used [0x732c0000,0x732c0000,0x75b80000)
 PSPermGen       total 16384K, used 3825K [0x6b2c0000, 0x6c2c0000, 0x732c0000)
  object space 16384K, 23% used [0x6b2c0000,0x6b67c648,0x6c2c0000)
Event: 2,256 GC heap after
Heap after GC invocations=1 (full 0):
 PSYoungGen      total 18432K, used 2552K [0x9dd40000, 0xa0140000, 0xb32c0000)
  eden space 15872K, 0% used [0x9dd40000,0x9dd40000,0x9ecc0000)
  from space 2560K, 99% used [0x9ecc0000,0x9ef3e1b0,0x9ef40000)
  to   space 2560K, 0% used [0x9fec0000,0x9fec0000,0xa0140000)
 ParOldGen       total 41728K, used 1277K [0x732c0000, 0x75b80000, 0x9dd40000)
  object space 41728K, 3% used [0x732c0000,0x733ff4e8,0x75b80000)
 PSPermGen       total 16384K, used 3825K [0x6b2c0000, 0x6c2c0000, 0x732c0000)
  object space 16384K, 23% used [0x6b2c0000,0x6b67c648,0x6c2c0000)
}
Event: 3,928 GC heap before
{Heap before GC invocations=2 (full 0):
 PSYoungGen      total 18432K, used 18424K [0x9dd40000, 0xa0140000, 0xb32c0000)
  eden space 15872K, 100% used [0x9dd40000,0x9ecc0000,0x9ecc0000)
  from space 2560K, 99% used [0x9ecc0000,0x9ef3e1b0,0x9ef40000)
  to   space 2560K, 0% used [0x9fec0000,0x9fec0000,0xa0140000)
 ParOldGen       total 41728K, used 1277K [0x732c0000, 0x75b80000, 0x9dd40000)
  object space 41728K, 3% used [0x732c0000,0x733ff4e8,0x75b80000)
 PSPermGen       total 16384K, used 3916K [0x6b2c0000, 0x6c2c0000, 0x732c0000)
  object space 16384K, 23% used [0x6b2c0000,0x6b693398,0x6c2c0000)
Event: 3,993 GC heap after
Heap after GC invocations=2 (full 0):
 PSYoungGen      total 34304K, used 2546K [0x9dd40000, 0xa0140000, 0xb32c0000)
  eden space 31744K, 0% used [0x9dd40000,0x9dd40000,0x9fc40000)
  from space 2560K, 99% used [0x9fec0000,0xa013caf0,0xa0140000)
  to   space 2560K, 0% used [0x9fc40000,0x9fc40000,0x9fec0000)
 ParOldGen       total 41728K, used 3430K [0x732c0000, 0x75b80000, 0x9dd40000)
  object space 41728K, 8% used [0x732c0000,0x73619918,0x75b80000)
 PSPermGen       total 16384K, used 3916K [0x6b2c0000, 0x6c2c0000, 0x732c0000)
  object space 16384K, 23% used [0x6b2c0000,0x6b693398,0x6c2c0000)
}
Event: 6,476 GC heap before
{Heap before GC invocations=3 (full 0):
 PSYoungGen      total 34304K, used 34290K [0x9dd40000, 0xa0140000, 0xb32c0000)
  eden space 31744K, 100% used [0x9dd40000,0x9fc40000,0x9fc40000)
  from space 2560K, 99% used [0x9fec0000,0xa013caf0,0xa0140000)
  to   space 2560K, 0% used [0x9fc40000,0x9fc40000,0x9fec0000)
 ParOldGen       total 41728K, used 3430K [0x732c0000, 0x75b80000, 0x9dd40000)
  object space 41728K, 8% used [0x732c0000,0x73619918,0x75b80000)
 PSPermGen       total 16384K, used 3960K [0x6b2c0000, 0x6c2c0000, 0x732c0000)
  object space 16384K, 24% used [0x6b2c0000,0x6b69e358,0x6c2c0000)

